<?xml version="1.0" encoding="UTF-8"?>
<!-- Generated by org.testng.reporters.JUnitReportReporter -->
<testsuite skipped="0" hostname="DESKTOP-BGUR5VO" name="com.greatcourse.tests.smokeTest" tests="1" failures="0" timestamp="21 Feb 2020 16:53:56 GMT" time="14.107" errors="0">
  <testcase name="VerifiedHomePage" time="14.107" classname="com.greatcourse.tests.smokeTest"/>
</testsuite> <!-- com.greatcourse.tests.smokeTest -->
