<?xml version="1.0" encoding="UTF-8"?>
<!-- Generated by org.testng.reporters.JUnitReportReporter -->
<testsuite hostname="DESKTOP-BGUR5VO" failures="0" tests="1" name="com.greatcourse.tests.smokeTest" time="26.325" errors="0" timestamp="28 Feb 2020 00:22:11 GMT" skipped="0">
  <testcase classname="com.greatcourse.tests.smokeTest" name="VerifiedHomePage" time="26.325"/>
</testsuite> <!-- com.greatcourse.tests.smokeTest -->
